[logs/Android_Pixel 3A INFO ] 2023-04-13 12:02:54.206 BaseTest:175 - log path: logs/Android_Pixel 3A
[logs/Android_Pixel 3A INFO ] 2023-04-13 12:02:54.234 BaseTest:216 - /home/user/eclipse-workspace/TDDFrameworkWithMultiThread/target/test-classes/app/Android-MyDemoAppRN.1.3.0.build-244.apk
[logs/Android_Pixel 3A INFO ] 2023-04-13 12:03:29.039 BaseTest:222 - Session id:b1cd3bc8-81e4-4c40-aba1-b23b52362197
[logs/Android_Pixel 3A INFO ] 2023-04-13 12:03:30.063 LoginTests:64 - 
******** starting test ********invalidUserName*******

[logs/Android_Pixel 3A INFO ] 2023-04-13 12:03:40.690 LoginTests:85 - actual error text - Provided credentials do not match any user in this service.
expected error text- Provided credentials do not match any user in this service.
[logs/Android_Pixel 3A INFO ] 2023-04-13 12:03:42.143 LoginTests:64 - 
******** starting test ********sucessfulLogin*******

[logs/Android_Pixel 3A INFO ] 2023-04-13 12:03:48.231 LoginTests:103 - Actual Product Title - Products
[logs/Android_Pixel 3A INFO ] 2023-04-13 12:04:17.065 BaseTest:175 - log path: logs/Android_Pixel 3A
[logs/Android_Pixel 3A INFO ] 2023-04-13 12:04:17.093 BaseTest:216 - /home/user/eclipse-workspace/TDDFrameworkWithMultiThread/target/test-classes/app/Android-MyDemoAppRN.1.3.0.build-244.apk
[logs/Android_Pixel 3A INFO ] 2023-04-13 12:04:22.571 BaseTest:222 - Session id:91839368-2a89-4ae0-95e6-5410dc14e94d
[logs/Android_Pixel 3A INFO ] 2023-04-13 12:04:23.472 LoginTests:64 - 
******** starting test ********invalidUserName*******

[logs/Android_Pixel 3A INFO ] 2023-04-13 12:04:33.626 LoginTests:85 - actual error text - Provided credentials do not match any user in this service.
expected error text- Provided credentials do not match any user in this service.
[logs/Android_Pixel 3A INFO ] 2023-04-13 12:04:35.135 LoginTests:64 - 
******** starting test ********sucessfulLogin*******

[logs/Android_Pixel 3A INFO ] 2023-04-13 12:04:41.322 LoginTests:103 - Actual Product Title - Products
